[debug] [2021-09-10T08:50:39.158Z] ----------------------------------------------------------------------
[debug] [2021-09-10T08:50:39.161Z] Command:       /usr/local/bin/node /usr/local/share/npm-global/bin/firebase login
[debug] [2021-09-10T08:50:39.161Z] CLI Version:   9.18.0
[debug] [2021-09-10T08:50:39.161Z] Platform:      linux
[debug] [2021-09-10T08:50:39.161Z] Node Version:  v16.8.0
[debug] [2021-09-10T08:50:39.166Z] Time:          Fri Sep 10 2021 08:50:39 GMT+0000 (Coordinated Universal Time)
[debug] [2021-09-10T08:50:39.166Z] ----------------------------------------------------------------------
[debug] 
[debug] [2021-09-10T08:50:39.168Z] >>> [apiv2][query] GET https://firebase-public.firebaseio.com/cli.json [none]
[info] i  Firebase optionally collects CLI usage and error reporting information to help improve our products. Data is collected in accordance with Google's privacy policy (https://policies.google.com/privacy) and is not used to identify you.
 
[debug] [2021-09-10T08:50:39.744Z] <<< [apiv2][status] GET https://firebase-public.firebaseio.com/cli.json 200
[debug] [2021-09-10T08:50:39.745Z] <<< [apiv2][body] GET https://firebase-public.firebaseio.com/cli.json {"cloudBuildErrorAfter":1594252800000,"cloudBuildWarnAfter":1590019200000,"defaultNode10After":1594252800000,"minVersion":"3.0.5","node8DeploysDisabledAfter":1613390400000,"node8RuntimeDisabledAfter":1615809600000,"node8WarnAfter":1600128000000}
[info] i  To change your data collection preference at any time, run `firebase logout` and log in again. 
[info] 
[info] Visit this URL on this device to log in:
[info] https://accounts.google.com/o/oauth2/auth?client_id=563584335869-fgrhgmd47bqnekij5i8b5pr03ho849e6.apps.googleusercontent.com&scope=email%20openid%20https%3A%2F%2Fwww.googleapis.com%2Fauth%2Fcloudplatformprojects.readonly%20https%3A%2F%2Fwww.googleapis.com%2Fauth%2Ffirebase%20https%3A%2F%2Fwww.googleapis.com%2Fauth%2Fcloud-platform&response_type=code&state=612758475&redirect_uri=http%3A%2F%2Flocalhost%3A9005
[info] 
[info] Waiting for authentication...
[debug] [2021-09-10T09:00:40.761Z] ----------------------------------------------------------------------
[debug] [2021-09-10T09:00:40.763Z] Command:       /usr/local/bin/node /usr/local/share/npm-global/bin/firebase login
[debug] [2021-09-10T09:00:40.763Z] CLI Version:   9.18.0
[debug] [2021-09-10T09:00:40.763Z] Platform:      linux
[debug] [2021-09-10T09:00:40.764Z] Node Version:  v16.8.0
[debug] [2021-09-10T09:00:40.764Z] Time:          Fri Sep 10 2021 09:00:40 GMT+0000 (Coordinated Universal Time)
[debug] [2021-09-10T09:00:40.764Z] ----------------------------------------------------------------------
[debug] 
[info] i  Firebase optionally collects CLI usage and error reporting information to help improve our products. Data is collected in accordance with Google's privacy policy (https://policies.google.com/privacy) and is not used to identify you.
 
[info] 
[info] Visit this URL on this device to log in:
[info] https://accounts.google.com/o/oauth2/auth?client_id=563584335869-fgrhgmd47bqnekij5i8b5pr03ho849e6.apps.googleusercontent.com&scope=email%20openid%20https%3A%2F%2Fwww.googleapis.com%2Fauth%2Fcloudplatformprojects.readonly%20https%3A%2F%2Fwww.googleapis.com%2Fauth%2Ffirebase%20https%3A%2F%2Fwww.googleapis.com%2Fauth%2Fcloud-platform&response_type=code&state=775337694&redirect_uri=http%3A%2F%2Flocalhost%3A9005
[info] 
[info] Waiting for authentication...
